1591889272595	mozrunner::runner	INFO	Running command: "C:\\Program Files\\Mozilla Firefox\\firefox.exe" "-marionette" "-foreground" "-no-remote" "-profile" "C:\\Users\\SREECH~1\\AppData\\Local\\Temp\\rust_mozprofilenKGQoQ"
Unable to read VR Path Registry from C:\Users\Sree chandra duppala\AppData\Local\openvr\openvrpaths.vrpath
1591889273707	Marionette	INFO	Enabled via --marionette
Unable to read VR Path Registry from C:\Users\Sree chandra duppala\AppData\Local\openvr\openvrpaths.vrpath
Unable to read VR Path Registry from C:\Users\Sree chandra duppala\AppData\Local\openvr\openvrpaths.vrpath
Unable to read VR Path Registry from C:\Users\Sree chandra duppala\AppData\Local\openvr\openvrpaths.vrpath
Unable to read VR Path Registry from C:\Users\Sree chandra duppala\AppData\Local\openvr\openvrpaths.vrpath
1591889276076	Marionette	INFO	Listening on port 59257
1591889276230	Marionette	WARN	TLS certificate errors will be ignored for this session
[Parent 23348, Gecko_IOThread] WARNING: pipe error: 109: file z:/build/build/src/ipc/chromium/src/chrome/common/ipc_channel_win.cc, line 346
[Parent 23348, Gecko_IOThread] WARNING: pipe error: 109: file z:/build/build/src/ipc/chromium/src/chrome/common/ipc_channel_win.cc, line 346
[Child 25120, Chrome_ChildThread] WARNING: pipe error: 109: file z:/build/build/src/ipc/chromium/src/chrome/common/ipc_channel_win.cc, line 346
[Child 2768, Chrome_ChildThread] WARNING: pipe error: 109: file z:/build/build/src/ipc/chromium/src/chrome/common/ipc_channel_win.cc, line 346
[Child 2768, Ch[Parent 23348, Gecko_IOThread] WARNING: pipe error: 109: file z:/build/build/src/ipc/chromium/src/chrome/common/ipc_channel_win.cc, line 346
[Child 23688, Chrome_ChildThread] WARNING: pipe error: 109: file z:/build/build/src/ipc/chromium/src/chrome/common/ipc_channel_win.cc, line 346
[Child 23688, Chrome_ChildThread] *** UTM:SVC TimerManager:registerTimer called after profile-before-change notification. Ignoring timer registration for id: telemetry_modules_ping
[GPU 12640, C
###!!! [Child][MessageChannel::SendAndWait] Error: Channel error: cannot send/recv

1591889338990	mozrunner::runner	INFO	Running command: "C:\\Program Files\\Mozilla Firefox\\firefox.exe" "-marionette" "-foreground" "-no-remote" "-profile" "C:\\Users\\SREECH~1\\AppData\\Local\\Temp\\rust_mozprofileCqTC7Q"
Unable to read VR Path Registry from C:\Users\Sree chandra duppala\AppData\Local\openvr\openvrpaths.vrpath
1591889339963	Marionette	INFO	Enabled via --marionette
Unable to read VR Path Registry from C:\Users\Sree chandra duppala\AppData\Local\openvr\openvrpaths.vrpath
Unable to read VR Path Registry from C:\Users\Sree chandra duppala\AppData\Local\openvr\openvrpaths.vrpath
Unable to read VR Path Registry from C:\Users\Sree chandra duppala\AppData\Local\openvr\openvrpaths.vrpath
Unable to read VR Path Registry from C:\Users\Sree chandra duppala\AppData\Local\openvr\openvrpaths.vrpath
1591889342118	Marionette	INFO	Listening on port 59303
1591889342610	Marionette	WARN	TLS certificate errors will be ignored for this session
[Parent 8772, Gecko_IOThread] WARNING: pipe error: 109: file z:/build/build/src/ipc/chromium/src/chrome/common/ipc_channel_win.cc, line 346
[Parent 8772, Gecko_IOThread] WARNING: pipe error: 109: file z:/build/build/src/ipc/chromium/src/chrome/common/ipc_channel_win.cc, line 346
[Child 2020, Chrome_ChildThread] WARNING: pipe error: 109: file z:/build/build/src/ipc/chromium/src/chrome/common/ipc_channel_win.cc, line 346[
Child 7940, Chrome_ChildThread] WARNING: pipe error: 109: file z:/build/build/src/ipc/chromium/src/chrome/common/ipc_channel_win.cc, line 346
[Child 7940, Chrome_ChildThread] WARNING: pipe error: 109: file z:/build/build/src/ipc/chromium/src/chrome/common/ipc_channel_win.cc, line 346
[Child 15560, Chrome_ChildThread] WARNING: pipe error: 109: file z:/build/build/src/ipc/chromium/src/chrome/common/ipc_channel_win.cc, line 346
[Child 15560, Chro*** UTM:SVC TimerManager:registerTimer called after profile-before-change notification. Ignoring timer registration for id: telemetry_modules_ping

###!!! [Child][MessageChannel::SendAndWait] Error: Channel error: cannot send/recv

